<?xml version="1.0" encoding="UTF-8"?>
<!-- Generated by org.testng.reporters.JUnitReportReporter -->
<testsuite hostname="ICPL-23-24-LAPTOP-16" failures="0" tests="2" name="testCases.TC002_LoginTest" time="4.319" errors="0" timestamp="2025-02-04T20:52:44 IST" skipped="0">
  <testcase classname="testCases.TC002_LoginTest" name="verify_login" time="2.173"/>
  <testcase classname="testCases.TC002_LoginTest" name="verify_login" time="2.146"/>
</testsuite> <!-- testCases.TC002_LoginTest -->
