<?xml version="1.0" encoding="UTF-8"?>
<!-- Generated by org.testng.reporters.JUnitReportReporter -->
<testsuite hostname="ICPL-23-24-LAPTOP-16" failures="0" tests="5" name="testCases.TC003_LoginDDT" time="40.267" errors="0" timestamp="2025-01-26T17:05:29 IST" skipped="0">
  <testcase classname="testCases.TC003_LoginDDT" name="verify_loginDDT" time="3.223"/>
  <testcase classname="testCases.TC003_LoginDDT" name="verify_loginDDT" time="11.768"/>
  <testcase classname="testCases.TC003_LoginDDT" name="verify_loginDDT" time="11.513"/>
  <testcase classname="testCases.TC003_LoginDDT" name="verify_loginDDT" time="11.781"/>
  <testcase classname="testCases.TC003_LoginDDT" name="verify_loginDDT" time="1.982"/>
</testsuite> <!-- testCases.TC003_LoginDDT -->
