<?xml version="1.0" encoding="UTF-8"?>
<!-- Generated by org.testng.reporters.JUnitReportReporter -->
<testsuite hostname="ICPL-23-24-LAPTOP-16" failures="0" tests="2" name="testCases.TC001_AccountRegistrationTest" time="6.655" errors="0" timestamp="2025-02-04T20:52:44 IST" skipped="0">
  <testcase classname="testCases.TC001_AccountRegistrationTest" name="verify_account_registration" time="3.318"/>
  <testcase classname="testCases.TC001_AccountRegistrationTest" name="verify_account_registration" time="3.337"/>
</testsuite> <!-- testCases.TC001_AccountRegistrationTest -->
