<?xml version="1.0" encoding="UTF-8"?>
<!-- Generated by org.testng.reporters.JUnitReportReporter -->
<testsuite hostname="ICPL-23-24-LAPTOP-16" failures="0" tests="1" name="testCases.TC001_AccountRegistrationTest" time="5.167" errors="0" timestamp="2025-02-12T19:00:22 IST" skipped="0">
  <testcase classname="testCases.TC001_AccountRegistrationTest" name="verify_account_registration" time="5.167"/>
</testsuite> <!-- testCases.TC001_AccountRegistrationTest -->
