<?xml version="1.0" encoding="UTF-8"?>
<!-- Generated by org.testng.reporters.JUnitReportReporter -->
<testsuite hostname="ICPL-23-24-LAPTOP-16" failures="0" tests="1" name="testCases.TC002_LoginTest" time="2.645" errors="0" timestamp="2025-02-12T19:00:22 IST" skipped="0">
  <testcase classname="testCases.TC002_LoginTest" name="verify_login" time="2.645"/>
</testsuite> <!-- testCases.TC002_LoginTest -->
